2022-12-07 17:32:39,619 main.py[line:128] INFO The camera image parameters are as follows:
 PC Camera
2022-12-07 17:32:39,620 main.py[line:129] INFO Camera preview image resolution: 320*240
2022-12-07 17:32:39,620 main.py[line:130] INFO Image resolution of shooting picture: 640*480
2022-12-07 17:32:43,798 main.py[line:330] ERROR Í¼ÏñÎª¿Õ£¡
2022-12-07 17:32:56,778 main.py[line:330] ERROR Í¼ÏñÎª¿Õ£¡
2022-12-07 17:32:58,369 main.py[line:330] ERROR Í¼ÏñÎª¿Õ£¡
2022-12-07 17:34:04,291 main.py[line:554] INFO Coordinate of pixels:
 [[ 64.7  51.1   1. ]
 [ 99.6 371.7   1. ]
 [490.3 377.9   1. ]
 [542.1  82.6   1. ]]
2022-12-07 17:34:04,291 main.py[line:555] INFO Actual coordinates:
 [[430. 340.   1.]
 [340.  50.   1.]
 [ 50.   1.   1.]
 [250. 230.   1.]]
2022-12-07 17:34:04,316 main.py[line:556] INFO Matrix of transformation:
 [[-1.40807010e-01 -9.66204740e-01  4.60779418e+02]
 [-1.65379052e-02 -9.50195342e-01  3.67719608e+02]
 [ 7.37574435e-04 -2.19468962e-03  1.00000000e+00]]
2022-12-07 17:34:04,316 main.py[line:557] INFO position: Parameter calibration succeeded!
